<?xml version="1.0" encoding="UTF-8"?>
<!-- Generated by org.testng.reporters.JUnitReportReporter -->
<testsuite hostname="DESKTOP-AMAV84R" failures="0" tests="1" name="testscript.ManageNewsTest" time="7.687" errors="0" timestamp="2025-05-21T23:33:16 IST" skipped="0">
  <testcase classname="testscript.ManageNewsTest" name="manageNewsTest" time="7.687"/>
</testsuite> <!-- testscript.ManageNewsTest -->
